<?xml version="1.0" encoding="UTF-8"?>
<!-- Generated by org.testng.reporters.JUnitReportReporter -->
<testsuite hostname="DESKTOP-87VGKIM" failures="0" tests="4" name="SeleniumTest.Parallel" time="42.505" errors="0" timestamp="2023-02-23T16:47:25 IST" skipped="0">
  <testcase classname="SeleniumTest.Parallel" name="setDown" time="17.517"/>
  <system-out/>
  <testcase classname="SeleniumTest.Parallel" name="setUp" time="6.853"/>
  <system-out/>
  <testcase classname="SeleniumTest.Parallel" name="setDown" time="12.254"/>
  <system-out/>
  <testcase classname="SeleniumTest.Parallel" name="setUp" time="5.881"/>
  <system-out/>
</testsuite> <!-- SeleniumTest.Parallel -->
